\BOOKMARK [0][-]{dummy.6}{\376\377\000A\000b\000s\000t\000r\000a\000c\000t}{}% 1
\BOOKMARK [0][-]{dummy.7}{\376\377\000A\000c\000k\000n\000o\000w\000l\000e\000d\000g\000e\000m\000e\000n\000t\000s}{}% 2
\BOOKMARK [0][-]{chapter*.8}{\376\377\000C\000o\000n\000t\000e\000n\000t\000s}{}% 3
\BOOKMARK [0][-]{chapter*.9}{\376\377\000L\000i\000s\000t\000\040\000o\000f\000\040\000F\000i\000g\000u\000r\000e\000s}{}% 4
\BOOKMARK [0][-]{chapter*.10}{\376\377\000L\000i\000s\000t\000\040\000o\000f\000\040\000T\000a\000b\000l\000e\000s}{}% 5
\BOOKMARK [0][-]{chapter.11}{\376\377\0001\000\040\000I\000n\000t\000r\000o\000d\000u\000c\000t\000i\000o\000n}{}% 6
\BOOKMARK [1][-]{section.12}{\376\377\0001\000.\0001\000\040\000P\000r\000e\000l\000i\000m\000i\000n\000a\000r\000i\000e\000s}{chapter.11}% 7
\BOOKMARK [1][-]{section.13}{\376\377\0001\000.\0002\000\040\000C\000o\000n\000t\000r\000i\000b\000u\000t\000i\000o\000n\000s\000\040\000o\000f\000\040\000t\000h\000i\000s\000\040\000T\000h\000e\000s\000i\000s}{chapter.11}% 8
\BOOKMARK [1][-]{section.14}{\376\377\0001\000.\0003\000\040\000S\000t\000r\000u\000c\000t\000u\000r\000e}{chapter.11}% 9
\BOOKMARK [1][-]{section.15}{\376\377\0001\000.\0004\000\040\000L\000i\000s\000t\000\040\000o\000f\000\040\000C\000o\000m\000m\000o\000n\000l\000y\000\040\000u\000s\000e\000d\000\040\000a\000b\000b\000r\000e\000v\000i\000a\000t\000i\000o\000n\000s}{chapter.11}% 10
\BOOKMARK [0][-]{chapter.16}{\376\377\0002\000\040\000R\000e\000l\000e\000v\000a\000n\000t\000\040\000B\000a\000c\000k\000g\000r\000o\000u\000n\000d}{}% 11
\BOOKMARK [1][-]{section.17}{\376\377\0002\000.\0001\000\040\000D\000e\000p\000t\000h\000\040\000P\000e\000r\000c\000e\000p\000t\000i\000o\000n}{chapter.16}% 12
\BOOKMARK [1][-]{section.19}{\376\377\0002\000.\0002\000\040\000S\000t\000e\000r\000e\000o\000p\000s\000i\000s\000\040\000i\000n\000\040\000H\000V\000S}{chapter.16}% 13
\BOOKMARK [1][-]{section.20}{\376\377\0002\000.\0003\000\040\000C\000r\000o\000s\000s\000t\000a\000l\000k}{chapter.16}% 14
\BOOKMARK [1][-]{section.21}{\376\377\0002\000.\0004\000\040\000S\000t\000e\000r\000e\000o\000s\000c\000o\000p\000i\000c\000/\000A\000u\000t\000o\000m\000u\000l\000t\000i\000s\000c\000o\000p\000i\000c\000\040\000S\000c\000r\000e\000e\000n\000s\000\040\000a\000n\000d\000\040\000i\000t\000s\000\040\000c\000r\000o\000s\000s\000-\000t\000a\000l\000k}{chapter.16}% 15
\BOOKMARK [2][-]{subsection.22}{\376\377\0002\000.\0004\000.\0001\000\040\000C\000R\000T\000\040\000S\000c\000r\000e\000e\000n\000s}{section.21}% 16
\BOOKMARK [2][-]{subsection.23}{\376\377\0002\000.\0004\000.\0002\000\040\000L\000C\000D\000\040\000S\000c\000r\000e\000e\000n\000s}{section.21}% 17
\BOOKMARK [2][-]{subsection.24}{\376\377\0002\000.\0004\000.\0003\000\040\000A\000n\000a\000g\000l\000y\000p\000h\000\040\000S\000t\000e\000r\000e\000o}{section.21}% 18
\BOOKMARK [2][-]{subsection.25}{\376\377\0002\000.\0004\000.\0004\000\040\000A\000c\000t\000i\000v\000e\000/\000T\000i\000m\000e\000\040\000S\000e\000q\000u\000e\000n\000t\000i\000a\000l\000\040\000S\000t\000e\000r\000e\000o}{section.21}% 19
\BOOKMARK [2][-]{subsection.26}{\376\377\0002\000.\0004\000.\0005\000\040\000P\000a\000s\000s\000i\000v\000e\000/\000\040\000S\000p\000a\000c\000e\000\040\000M\000u\000l\000t\000i\000p\000l\000e\000x\000e\000d\000\040\000S\000t\000e\000r\000e\000o}{section.21}% 20
\BOOKMARK [2][-]{subsection.27}{\376\377\0002\000.\0004\000.\0006\000\040\000A\000u\000t\000o\000m\000u\000l\000t\000i\000s\000c\000o\000p\000i\000c\000\040\000S\000c\000r\000e\000e\000n\000s}{section.21}% 21
\BOOKMARK [1][-]{section.28}{\376\377\0002\000.\0005\000\040\000C\000r\000o\000s\000s\000t\000a\000l\000k\000\040\000Q\000u\000a\000l\000i\000t\000y\000\040\000M\000e\000t\000r\000i\000c\000s}{chapter.16}% 22
\BOOKMARK [1][-]{section.29}{\376\377\0002\000.\0006\000\040\000L\000i\000g\000h\000t\000f\000i\000e\000l\000d\000s}{chapter.16}% 23
\BOOKMARK [0][-]{chapter.30}{\376\377\0003\000\040\000R\000e\000l\000a\000t\000e\000d\000\040\000W\000o\000r\000k}{}% 24
\BOOKMARK [1][-]{section.31}{\376\377\0003\000.\0001\000\040\000E\000f\000f\000e\000c\000t\000s\000\040\000o\000f\000\040\000C\000r\000o\000s\000s\000t\000a\000l\000k\000\040\000o\000n\000\040\000P\000e\000r\000c\000e\000i\000v\000e\000d\000\040\000D\000e\000p\000t\000h}{chapter.30}% 25
\BOOKMARK [2][-]{subsection.32}{\376\377\0003\000.\0001\000.\0001\000\040\000T\000h\000i\000r\000s\000i\000n\000s\000'\000s\000\040\000w\000o\000r\000k}{section.31}% 26
\BOOKMARK [2][-]{subsection.33}{\376\377\0003\000.\0001\000.\0002\000\040\000S\000y\000s\000t\000e\000m\000a\000t\000i\000c\000\040\000D\000i\000s\000t\000o\000r\000t\000i\000o\000n}{section.31}% 27
\BOOKMARK [2][-]{subsection.34}{\376\377\0003\000.\0001\000.\0003\000\040\000V\000i\000s\000i\000b\000i\000l\000i\000t\000y\000\040\000T\000h\000r\000e\000s\000h\000o\000l\000d\000\040\000a\000n\000d\000\040\000F\000u\000s\000i\000o\000n\000\040\000L\000i\000m\000i\000t}{section.31}% 28
\BOOKMARK [1][-]{section.35}{\376\377\0003\000.\0002\000\040\000M\000i\000g\000i\000g\000a\000t\000i\000o\000n\000/\000C\000o\000m\000p\000e\000n\000s\000a\000t\000i\000o\000n\000\040\000o\000f\000\040\000C\000r\000o\000s\000s\000-\000t\000a\000l\000k}{chapter.30}% 29
\BOOKMARK [2][-]{subsection.36}{\376\377\0003\000.\0002\000.\0001\000\040\000S\000t\000e\000r\000e\000o\000s\000c\000o\000p\000i\000c\000\040\000S\000c\000r\000e\000e\000n\000s}{section.35}% 30
\BOOKMARK [3][-]{subsubsection.37}{\376\377\0003\000.\0002\000.\0001\000.\0001\000\040\000S\000u\000b\000t\000r\000a\000c\000t\000i\000v\000e\000\040\000A\000p\000p\000r\000o\000a\000c\000h\000e\000s}{subsection.36}% 31
\BOOKMARK [3][-]{subsubsection.38}{\376\377\0003\000.\0002\000.\0001\000.\0002\000\040\000P\000e\000r\000c\000e\000p\000t\000u\000a\000l\000\040\000O\000p\000t\000i\000m\000i\000z\000a\000t\000i\000o\000n}{subsection.36}% 32
\BOOKMARK [3][-]{subsubsection.39}{\376\377\0003\000.\0002\000.\0001\000.\0003\000\040\000T\000e\000m\000p\000o\000r\000a\000l\000\040\000A\000p\000p\000r\000o\000a\000c\000h}{subsection.36}% 33
\BOOKMARK [2][-]{subsection.40}{\376\377\0003\000.\0002\000.\0002\000\040\000A\000u\000t\000o\000m\000u\000l\000t\000i\000s\000c\000o\000p\000i\000c\000\040\000S\000c\000r\000e\000e\000n\000s}{section.35}% 34
\BOOKMARK [3][-]{subsubsection.41}{\376\377\0003\000.\0002\000.\0002\000.\0001\000\040\000I\000n\000v\000e\000r\000s\000e\000\040\000F\000i\000l\000t\000e\000r\000i\000n\000g}{subsection.40}% 35
\BOOKMARK [3][-]{subsubsection.42}{\376\377\0003\000.\0002\000.\0002\000.\0002\000\040\000S\000u\000b\000t\000r\000a\000c\000t\000i\000v\000e\000\040\000R\000e\000d\000u\000c\000t\000i\000o\000n}{subsection.40}% 36
\BOOKMARK [3][-]{subsubsection.43}{\376\377\0003\000.\0002\000.\0002\000.\0003\000\040\000S\000u\000b\000-\000p\000i\000x\000e\000l\000\040\000O\000p\000t\000i\000m\000i\000z\000a\000t\000i\000o\000n}{subsection.40}% 37
\BOOKMARK [3][-]{subsubsection.44}{\376\377\0003\000.\0002\000.\0002\000.\0004\000\040\000L\000o\000w\000\040\000P\000a\000s\000s\000\040\000F\000i\000l\000t\000e\000r\000i\000n\000g}{subsection.40}% 38
\BOOKMARK [0][-]{chapter.45}{\376\377\0004\000\040\000C\000o\000n\000t\000r\000i\000b\000u\000t\000i\000o\000n}{}% 39
\BOOKMARK [1][-]{section.46}{\376\377\0004\000.\0001\000\040\000C\000r\000o\000s\000s\000t\000a\000l\000k\000\040\000E\000x\000p\000e\000r\000i\000m\000e\000n\000t\000s}{chapter.45}% 40
\BOOKMARK [2][-]{subsection.47}{\376\377\0004\000.\0001\000.\0001\000\040\000A\000p\000p\000a\000r\000a\000t\000u\000s\000\040\000s\000e\000t\000u\000p}{section.46}% 41
\BOOKMARK [2][-]{subsection.48}{\376\377\0004\000.\0001\000.\0002\000\040\000E\000x\000p\000e\000r\000i\000m\000e\000n\000t\000a\000t\000i\000o\000n\000\040\000P\000r\000o\000c\000e\000d\000u\000r\000e}{section.46}% 42
\BOOKMARK [2][-]{subsection.49}{\376\377\0004\000.\0001\000.\0003\000\040\000S\000t\000e\000r\000e\000o\000s\000c\000o\000p\000i\000c\000\040\000E\000x\000p\000e\000r\000i\000m\000e\000n\000t\000a\000t\000i\000o\000n\000s}{section.46}% 43
\BOOKMARK [3][-]{subsubsection.50}{\376\377\0004\000.\0001\000.\0003\000.\0001\000\040\000I\000n\000i\000t\000i\000a\000l\000\040\000H\000y\000p\000o\000t\000h\000e\000s\000i\000s}{subsection.49}% 44
\BOOKMARK [3][-]{subsubsection.51}{\376\377\0004\000.\0001\000.\0003\000.\0002\000\040\000s\000t\000i\000m\000u\000l\000i}{subsection.49}% 45
\BOOKMARK [3][-]{subsubsection.52}{\376\377\0004\000.\0001\000.\0003\000.\0003\000\040\000S\000i\000m\000u\000l\000a\000t\000i\000o\000n\000\040\000o\000f\000\040\000C\000r\000o\000s\000s\000-\000t\000a\000l\000k}{subsection.49}% 46
\BOOKMARK [3][-]{subsubsection.53}{\376\377\0004\000.\0001\000.\0003\000.\0004\000\040\000E\000x\000p\000e\000r\000i\000m\000e\000n\000t\000a\000t\000i\000o\000n\000\040\000p\000r\000o\000c\000e\000d\000u\000r\000e}{subsection.49}% 47
\BOOKMARK [3][-]{subsubsection.54}{\376\377\0004\000.\0001\000.\0003\000.\0005\000\040\000R\000e\000s\000u\000l\000t\000s}{subsection.49}% 48
\BOOKMARK [2][-]{subsection.55}{\376\377\0004\000.\0001\000.\0004\000\040\000A\000u\000t\000o\000m\000u\000l\000t\000i\000s\000c\000o\000p\000i\000c\000\040\000E\000x\000p\000e\000r\000i\000m\000e\000n\000t\000a\000t\000i\000o\000n\000s}{section.46}% 49
\BOOKMARK [3][-]{subsubsection.56}{\376\377\0004\000.\0001\000.\0004\000.\0001\000\040\000I\000n\000i\000t\000i\000a\000l\000\040\000H\000y\000p\000o\000t\000h\000e\000s\000i\000s}{subsection.55}% 50
\BOOKMARK [3][-]{subsubsection.57}{\376\377\0004\000.\0001\000.\0004\000.\0002\000\040\000s\000t\000i\000m\000u\000l\000i}{subsection.55}% 51
\BOOKMARK [3][-]{subsubsection.58}{\376\377\0004\000.\0001\000.\0004\000.\0003\000\040\000S\000i\000m\000u\000l\000a\000t\000i\000o\000n\000\040\000o\000f\000\040\000C\000r\000o\000s\000s\000-\000t\000a\000l\000k}{subsection.55}% 52
\BOOKMARK [3][-]{subsubsection.59}{\376\377\0004\000.\0001\000.\0004\000.\0004\000\040\000E\000x\000p\000e\000r\000i\000m\000e\000n\000t\000a\000t\000i\000o\000n\000\040\000p\000r\000o\000c\000e\000d\000u\000r\000e}{subsection.55}% 53
\BOOKMARK [3][-]{subsubsection.60}{\376\377\0004\000.\0001\000.\0004\000.\0005\000\040\000R\000e\000s\000u\000l\000t\000s}{subsection.55}% 54
\BOOKMARK [2][-]{subsection.61}{\376\377\0004\000.\0001\000.\0005\000\040\000C\000o\000n\000c\000l\000u\000s\000i\000o\000n\000\040\000a\000n\000d\000\040\000D\000i\000s\000c\000u\000s\000s\000i\000o\000n}{section.46}% 55
\BOOKMARK [1][-]{section.62}{\376\377\0004\000.\0002\000\040\000H\000V\000S\000\040\000d\000e\000p\000t\000h\000\040\000f\000r\000o\000m\000\040\000d\000i\000s\000p\000a\000r\000i\000t\000y\000\040\000M\000o\000d\000e\000l}{chapter.45}% 56
\BOOKMARK [2][-]{subsection.63}{\376\377\0004\000.\0002\000.\0001\000\040\000D\000i\000f\000f\000e\000r\000e\000n\000t\000\040\000H\000y\000p\000o\000t\000h\000e\000s\000i\000s\000\040\000a\000n\000d\000\040\000t\000h\000e\000i\000r\000\040\000O\000u\000t\000c\000o\000m\000e}{section.62}% 57
\BOOKMARK [2][-]{subsection.64}{\376\377\0004\000.\0002\000.\0002\000\040\000F\000u\000t\000u\000r\000e\000\040\000W\000o\000r\000k}{section.62}% 58
\BOOKMARK [1][-]{section.65}{\376\377\0004\000.\0003\000\040\000C\000r\000o\000s\000s\000-\000t\000a\000l\000k\000\040\000M\000i\000t\000i\000g\000a\000t\000i\000o\000n}{chapter.45}% 59
\BOOKMARK [2][-]{subsection.66}{\376\377\0004\000.\0003\000.\0001\000\040\000P\000r\000o\000p\000o\000s\000e\000d\000\040\000O\000p\000t\000i\000m\000i\000z\000a\000t\000i\000o\000n\000s}{section.65}% 60
\BOOKMARK [2][-]{subsection.67}{\376\377\0004\000.\0003\000.\0002\000\040\000U\000n\000s\000h\000a\000r\000p\000\040\000M\000a\000s\000k\000i\000n\000g\000\040\000i\000n\000\040\000V\000i\000e\000w\000\040\000D\000o\000m\000a\000i\000n}{section.65}% 61
\BOOKMARK [2][-]{subsection.68}{\376\377\0004\000.\0003\000.\0003\000\040\000I\000t\000e\000r\000a\000t\000i\000v\000e\000\040\000S\000u\000b\000t\000r\000a\000c\000t\000i\000o\000n}{section.65}% 62
\BOOKMARK [0][-]{chapter.69}{\376\377\0005\000\040\000A\000p\000p\000l\000i\000c\000a\000t\000i\000o\000n\000s}{}% 63
\BOOKMARK [1][-]{section.70}{\376\377\0005\000.\0001\000\040\000D\000e\000p\000t\000h\000\040\000A\000d\000j\000u\000s\000t\000m\000e\000n\000t\000\040\000f\000o\000r\000\040\000D\000e\000p\000t\000h\000\040\000C\000r\000i\000t\000i\000c\000a\000l\000\040\000v\000i\000e\000w\000i\000n\000g\000\040\000A\000p\000p\000l\000i\000c\000a\000t\000i\000o\000n\000s}{chapter.69}% 64
\BOOKMARK [1][-]{section.71}{\376\377\0005\000.\0002\000\040\000E\000f\000f\000i\000c\000i\000e\000n\000t\000\040\000P\000r\000e\000p\000r\000o\000c\000e\000s\000s\000i\000n\000g\000\040\000f\000o\000r\000\040\000C\000r\000o\000s\000s\000t\000a\000l\000k\000f\000r\000e\000e\000\040\000I\000m\000a\000g\000e\000s}{chapter.69}% 65
\BOOKMARK [0][-]{chapter.72}{\376\377\0006\000\040\000C\000o\000n\000c\000l\000u\000s\000i\000o\000n}{}% 66
\BOOKMARK [1][-]{section.73}{\376\377\0006\000.\0001\000\040\000S\000u\000m\000m\000a\000r\000y}{chapter.72}% 67
\BOOKMARK [1][-]{section.74}{\376\377\0006\000.\0002\000\040\000F\000u\000t\000u\000r\000e\000\040\000W\000o\000r\000k}{chapter.72}% 68
\BOOKMARK [1][-]{section.75}{\376\377\0006\000.\0003\000\040\000O\000p\000e\000n\000\040\000Q\000u\000e\000s\000t\000i\000o\000n\000s}{chapter.72}% 69
\BOOKMARK [0][-]{chapter*.76}{\376\377\000B\000i\000b\000l\000i\000o\000g\000r\000a\000p\000h\000y}{}% 70
\BOOKMARK [0][-]{chapter*.76}{\376\377\000I\000n\000d\000e\000x}{}% 71
