\BOOKMARK [0][-]{dummy.6}{\376\377\000A\000b\000s\000t\000r\000a\000c\000t}{}% 1
\BOOKMARK [0][-]{dummy.7}{\376\377\000A\000c\000k\000n\000o\000w\000l\000e\000d\000g\000e\000m\000e\000n\000t\000s}{}% 2
\BOOKMARK [0][-]{chapter*.8}{\376\377\000C\000o\000n\000t\000e\000n\000t\000s}{}% 3
\BOOKMARK [0][-]{chapter*.9}{\376\377\000L\000i\000s\000t\000\040\000o\000f\000\040\000F\000i\000g\000u\000r\000e\000s}{}% 4
\BOOKMARK [0][-]{chapter*.10}{\376\377\000L\000i\000s\000t\000\040\000o\000f\000\040\000T\000a\000b\000l\000e\000s}{}% 5
\BOOKMARK [0][-]{chapter.11}{\376\377\0001\000\040\000I\000n\000t\000r\000o\000d\000u\000c\000t\000i\000o\000n}{}% 6
\BOOKMARK [1][-]{section.12}{\376\377\0001\000.\0001\000\040\000M\000o\000t\000i\000v\000a\000t\000i\000o\000n}{chapter.11}% 7
\BOOKMARK [1][-]{section.13}{\376\377\0001\000.\0002\000\040\000P\000r\000o\000b\000l\000e\000m}{chapter.11}% 8
\BOOKMARK [1][-]{section.14}{\376\377\0001\000.\0003\000\040\000P\000r\000o\000p\000o\000s\000e\000d\000\040\000S\000o\000l\000u\000t\000i\000o\000n}{chapter.11}% 9
\BOOKMARK [1][-]{section.15}{\376\377\0001\000.\0004\000\040\000O\000u\000t\000l\000i\000n\000e}{chapter.11}% 10
\BOOKMARK [0][-]{chapter.16}{\376\377\0002\000\040\000B\000a\000c\000k\000g\000r\000o\000u\000n\000d}{}% 11
\BOOKMARK [1][-]{section.17}{\376\377\0002\000.\0001\000\040\000S\000e\000c\0001}{chapter.16}% 12
\BOOKMARK [1][-]{section.18}{\376\377\0002\000.\0002\000\040\000s\000e\000c\0001}{chapter.16}% 13
\BOOKMARK [1][-]{section.19}{\376\377\0002\000.\0003\000\040\000s\000e\000c\0002}{chapter.16}% 14
\BOOKMARK [0][-]{chapter.20}{\376\377\0003\000\040\000A\000p\000p\000r\000o\000a\000c\000h}{}% 15
\BOOKMARK [1][-]{section.22}{\376\377\0003\000.\0001\000\040\000s\000e\000c\0001}{chapter.20}% 16
\BOOKMARK [1][-]{section.23}{\376\377\0003\000.\0002\000\040\000s\000e\000c\000t\000i\000o\000n\0002\000\040}{chapter.20}% 17
\BOOKMARK [0][-]{chapter.24}{\376\377\0004\000\040\000E\000v\000a\000l\000u\000a\000t\000i\000o\000n\000\040\000a\000n\000d\000\040\000S\000t\000a\000t\000i\000s\000t\000i\000c\000s}{}% 18
\BOOKMARK [1][-]{section.25}{\376\377\0004\000.\0001\000\040\000s\000e\000c\0001}{chapter.24}% 19
\BOOKMARK [2][-]{subsection.26}{\376\377\0004\000.\0001\000.\0001\000\040\000S\000t\000a\000t\000i\000s\000t\000i\000c\000s}{section.25}% 20
\BOOKMARK [2][-]{subsection.27}{\376\377\0004\000.\0001\000.\0002\000\040\000M\000a\000n\000u\000a\000l\000\040\000A\000s\000s\000e\000s\000s\000m\000e\000n\000t}{section.25}% 21
\BOOKMARK [3][-]{subsubsection.28}{\376\377\0004\000.\0001\000.\0002\000.\0001\000\040\000S\000e\000t\000u\000p}{subsection.27}% 22
\BOOKMARK [1][-]{section.29}{\376\377\0004\000.\0002\000\040\000s\000e\000c\0002}{chapter.24}% 23
\BOOKMARK [0][-]{chapter.30}{\376\377\0005\000\040\000C\000o\000n\000c\000l\000u\000s\000i\000o\000n\000\040\000a\000n\000d\000\040\000O\000u\000t\000l\000o\000o\000k}{}% 24
\BOOKMARK [0][-]{chapter*.31}{\376\377\000B\000i\000b\000l\000i\000o\000g\000r\000a\000p\000h\000y}{}% 25
